#
# There is insufficient memory for the Java Runtime Environment to continue.
# Native memory allocation (malloc) failed to allocate 1557520 bytes. Error detail: Chunk::new
# Possible reasons:
#   The system is out of physical RAM or swap space
#   This process is running with CompressedOops enabled, and the Java Heap may be blocking the growth of the native heap
# Possible solutions:
#   Reduce memory load on the system
#   Increase physical memory or swap space
#   Check if swap backing store is full
#   Decrease Java heap size (-Xmx/-Xms)
#   Decrease number of Java threads
#   Decrease Java thread stack sizes (-Xss)
#   Set larger code cache with -XX:ReservedCodeCacheSize=
#   JVM is running with Unscaled Compressed Oops mode in which the Java heap is
#     placed in the first 4GB address space. The Java Heap base address is the
#     maximum limit for the native heap growth. Please use -XX:HeapBaseMinAddress
#     to set the Java Heap base and to place the Java Heap above 4GB virtual address.
# This output file may be truncated or incomplete.
#
#  Out of Memory Error (arena.cpp:162), pid=19724, tid=15516
#
# JRE version: Java(TM) SE Runtime Environment (24.0.2+12) (build 24.0.2+12-54)
# Java VM: Java HotSpot(TM) 64-Bit Server VM (24.0.2+12-54, mixed mode, sharing, tiered, compressed oops, compressed class ptrs, g1 gc, windows-amd64)
# No core dump will be written. Minidumps are not enabled by default on client versions of Windows
#

---------------  S U M M A R Y ------------

Command Line: --enable-native-access=ALL-UNNAMED -Dclassworlds.conf=C:\Users\fali5\OneDrive\Desktop\Maven\apache-maven-3.9.11\bin\m2.conf -Dmaven.home=C:\Users\fali5\OneDrive\Desktop\Maven\apache-maven-3.9.11 -Dlibrary.jansi.path=C:\Users\fali5\OneDrive\Desktop\Maven\apache-maven-3.9.11\lib\jansi-native -Dmaven.multiModuleProjectDirectory=C:\Users\fali5\OneDrive\Desktop\student-management org.codehaus.plexus.classworlds.launcher.Launcher clean install -U

Host: 11th Gen Intel(R) Core(TM) i5-1135G7 @ 2.40GHz, 8 cores, 7G,  Windows 11 , 64 bit Build 26100 (10.0.26100.4202)
Time: Sun Aug 24 11:01:49 2025 India Standard Time elapsed time: 6.027543 seconds (0d 0h 0m 6s)

---------------  T H R E A D  ---------------

Current thread (0x00000228fa730ad0):  JavaThread "C2 CompilerThread0" daemon [_thread_in_native, id=15516, stack(0x0000009dd4900000,0x0000009dd4a00000) (1024K)]


Current CompileTask:
C2:6027 2551       4       org.objectweb.asm.SymbolTable::addConstantUtf8 (98 bytes)

Stack: [0x0000009dd4900000,0x0000009dd4a00000]
Native frames: (J=compiled Java code, j=interpreted, Vv=VM code, C=native code)
V  [jvm.dll+0x730829]  (no source info available)
V  [jvm.dll+0x8d9da3]  (no source info available)
V  [jvm.dll+0x8dc28d]  (no source info available)
V  [jvm.dll+0x8dc903]  (no source info available)
V  [jvm.dll+0x2a9f56]  (no source info available)
V  [jvm.dll+0xced7f]  (no source info available)
V  [jvm.dll+0xcefdf]  (no source info available)
V  [jvm.dll+0x154c83]  (no source info available)
V  [jvm.dll+0x73604f]  (no source info available)
V  [jvm.dll+0x26f8dc]  (no source info available)
V  [jvm.dll+0x26e8ff]  (no source info available)
V  [jvm.dll+0x1e9c90]  (no source info available)
V  [jvm.dll+0x27e0cb]  (no source info available)
V  [jvm.dll+0x27c36a]  (no source info available)
V  [jvm.dll+0x42f396]  (no source info available)
V  [jvm.dll+0x87d9eb]  (no source info available)
V  [jvm.dll+0x72ef45]  (no source info available)
C  [ucrtbase.dll+0x37b0]  (no source info available)
C  [KERNEL32.DLL+0x2e8d7]  (no source info available)
C  [ntdll.dll+0x3c34c]  (no source info available)

Lock stack of current Java thread (top to bottom):


---------------  P R O C E S S  ---------------

Threads class SMR info:
_java_thread_list=0x00000228c5ff3eb0, length=12, elements={
0x00000228db6f5a60, 0x00000228fa71eb90, 0x00000228fa71f2d0, 0x00000228fa7222a0,
0x00000228fa7232d0, 0x00000228fa724020, 0x00000228fa724c40, 0x00000228fa730ad0,
0x00000228fa7572c0, 0x00000228c51231c0, 0x00000228c51242e0, 0x00000228c5c17af0
}

Java Threads: ( => current thread )
  0x00000228db6f5a60 JavaThread "main"                              [_thread_in_Java, id=18504, stack(0x0000009dd3b00000,0x0000009dd3c00000) (1024K)]
  0x00000228fa71eb90 JavaThread "Reference Handler"          daemon [_thread_blocked, id=9492, stack(0x0000009dd4300000,0x0000009dd4400000) (1024K)]
  0x00000228fa71f2d0 JavaThread "Finalizer"                  daemon [_thread_blocked, id=23200, stack(0x0000009dd4400000,0x0000009dd4500000) (1024K)]
  0x00000228fa7222a0 JavaThread "Signal Dispatcher"          daemon [_thread_blocked, id=300, stack(0x0000009dd4500000,0x0000009dd4600000) (1024K)]
  0x00000228fa7232d0 JavaThread "Attach Listener"            daemon [_thread_blocked, id=22552, stack(0x0000009dd4600000,0x0000009dd4700000) (1024K)]
  0x00000228fa724020 JavaThread "Service Thread"             daemon [_thread_blocked, id=5068, stack(0x0000009dd4700000,0x0000009dd4800000) (1024K)]
  0x00000228fa724c40 JavaThread "Monitor Deflation Thread"   daemon [_thread_blocked, id=8152, stack(0x0000009dd4800000,0x0000009dd4900000) (1024K)]
=>0x00000228fa730ad0 JavaThread "C2 CompilerThread0"         daemon [_thread_in_native, id=15516, stack(0x0000009dd4900000,0x0000009dd4a00000) (1024K)]
  0x00000228fa7572c0 JavaThread "C1 CompilerThread0"         daemon [_thread_in_vm, id=19000, stack(0x0000009dd4a00000,0x0000009dd4b00000) (1024K)]
  0x00000228c51231c0 JavaThread "Notification Thread"        daemon [_thread_blocked, id=23320, stack(0x0000009dd4b00000,0x0000009dd4c00000) (1024K)]
  0x00000228c51242e0 JavaThread "Common-Cleaner"             daemon [_thread_blocked, id=2868, stack(0x0000009dd4c00000,0x0000009dd4d00000) (1024K)]
  0x00000228c5c17af0 JavaThread "C2 CompilerThread1"         daemon [_thread_in_native, id=19648, stack(0x0000009dd5200000,0x0000009dd5300000) (1024K)]
Total: 12

Other Threads:
  0x00000228fa70d2b0 VMThread "VM Thread"                           [id=20724, stack(0x0000009dd4200000,0x0000009dd4300000) (1024K)]
  0x00000228fa700cf0 WatcherThread "VM Periodic Task Thread"        [id=13140, stack(0x0000009dd4100000,0x0000009dd4200000) (1024K)]
  0x00000228dd273290 WorkerThread "GC Thread#0"                     [id=15764, stack(0x0000009dd3c00000,0x0000009dd3d00000) (1024K)]
  0x00000228c6238740 WorkerThread "GC Thread#1"                     [id=7008, stack(0x0000009dd4d00000,0x0000009dd4e00000) (1024K)]
  0x00000228c6212760 WorkerThread "GC Thread#2"                     [id=11908, stack(0x0000009dd4e00000,0x0000009dd4f00000) (1024K)]
  0x00000228c5f9b0f0 WorkerThread "GC Thread#3"                     [id=18388, stack(0x0000009dd4f00000,0x0000009dd5000000) (1024K)]
  0x00000228c5f9b4a0 WorkerThread "GC Thread#4"                     [id=16336, stack(0x0000009dd5000000,0x0000009dd5100000) (1024K)]
  0x00000228c5f9b850 WorkerThread "GC Thread#5"                     [id=20488, stack(0x0000009dd5100000,0x0000009dd5200000) (1024K)]
  0x00000228dd2898b0 ConcurrentGCThread "G1 Main Marker"            [id=20736, stack(0x0000009dd3d00000,0x0000009dd3e00000) (1024K)]
  0x00000228dd28a3c0 WorkerThread "G1 Conc#0"                       [id=18988, stack(0x0000009dd3e00000,0x0000009dd3f00000) (1024K)]
  0x00000228dd2de540 ConcurrentGCThread "G1 Refine#0"               [id=6948, stack(0x0000009dd3f00000,0x0000009dd4000000) (1024K)]
  0x00000228fa5c22c0 ConcurrentGCThread "G1 Service"                [id=15988, stack(0x0000009dd4000000,0x0000009dd4100000) (1024K)]
Total: 12

Threads with active compile tasks:
C2 CompilerThread0  8106 2551       4       org.objectweb.asm.SymbolTable::addConstantUtf8 (98 bytes)
C2 CompilerThread1  8106 2617       4       java.util.HashMap::put (13 bytes)
Total: 2

VM state: not at safepoint (normal execution)

VM Mutex/Monitor currently owned by a thread: None

Heap address: 0x0000000084200000, size: 1982 MB, Compressed Oops mode: 32-bit

CDS archive(s) mapped at: [0x0000022880000000-0x0000022880d40000-0x0000022880d40000), size 13893632, SharedBaseAddress: 0x0000022880000000, ArchiveRelocationMode: 1.
Compressed class space mapped at: 0x0000022881000000-0x00000228c1000000, reserved size: 1073741824
UseCompressedClassPointers 1, UseCompactObjectHeaders 0
Narrow klass pointer bits 32, Max shift 3
Narrow klass base: 0x0000022880000000, Narrow klass shift: 0
Encoding Range: [0x0000022880000000 - 0x0000022980000000), (4294967296 bytes)
Klass Range:    [0x0000022880000000 - 0x00000228c1000000), (1090519040 bytes)
Klass ID Range:  [8 - 1090519033) (1090519025)

GC Precious Log:
 CardTable entry size: 512
 Card Set container configuration: InlinePtr #cards 5 size 8 Array Of Cards #cards 10 size 36 Howl #buckets 4 coarsen threshold 1843 Howl Bitmap #cards 512 size 80 coarsen threshold 460 Card regions per heap region 1 cards per card region 2048
 CPUs: 8 total, 8 available
 Memory: 7926M
 Large Page Support: Disabled
 NUMA Support: Disabled
 Compressed Oops: Enabled (32-bit)
 Heap Region Size: 1M
 Heap Min Capacity: 8M
 Heap Initial Capacity: 124M
 Heap Max Capacity: 1982M
 Pre-touch: Disabled
 Parallel Workers: 8
 Concurrent Workers: 2
 Concurrent Refinement Workers: 8
 Periodic GC: Disabled

Heap:
 garbage-first heap   total reserved 2029568K, committed 129024K, used 20084K [0x0000000084200000, 0x0000000100000000)
  region size 1024K, 20 young (20480K), 5 survivors (5120K)
 Metaspace       used 12493K, committed 12736K, reserved 1114112K
  class space    used 1235K, committed 1344K, reserved 1048576K

Heap Regions: E=young(eden), S=young(survivor), O=old, HS=humongous(starts), HC=humongous(continues), CS=collection set, F=free, TAMS=top-at-mark-start, PB=parsable bottom
|   0|0x0000000084200000, 0x0000000084200000, 0x0000000084300000|  0%| F|  |TAMS 0x0000000084200000| PB 0x0000000084200000| Untracked |  0
|   1|0x0000000084300000, 0x0000000084300000, 0x0000000084400000|  0%| F|  |TAMS 0x0000000084300000| PB 0x0000000084300000| Untracked |  0
|   2|0x0000000084400000, 0x0000000084400000, 0x0000000084500000|  0%| F|  |TAMS 0x0000000084400000| PB 0x0000000084400000| Untracked |  0
|   3|0x0000000084500000, 0x0000000084500000, 0x0000000084600000|  0%| F|  |TAMS 0x0000000084500000| PB 0x0000000084500000| Untracked |  0
|   4|0x0000000084600000, 0x0000000084600000, 0x0000000084700000|  0%| F|  |TAMS 0x0000000084600000| PB 0x0000000084600000| Untracked |  0
|   5|0x0000000084700000, 0x0000000084700000, 0x0000000084800000|  0%| F|  |TAMS 0x0000000084700000| PB 0x0000000084700000| Untracked |  0
|   6|0x0000000084800000, 0x0000000084800000, 0x0000000084900000|  0%| F|  |TAMS 0x0000000084800000| PB 0x0000000084800000| Untracked |  0
|   7|0x0000000084900000, 0x0000000084900000, 0x0000000084a00000|  0%| F|  |TAMS 0x0000000084900000| PB 0x0000000084900000| Untracked |  0
|   8|0x0000000084a00000, 0x0000000084a00000, 0x0000000084b00000|  0%| F|  |TAMS 0x0000000084a00000| PB 0x0000000084a00000| Untracked |  0
|   9|0x0000000084b00000, 0x0000000084b00000, 0x0000000084c00000|  0%| F|  |TAMS 0x0000000084b00000| PB 0x0000000084b00000| Untracked |  0
|  10|0x0000000084c00000, 0x0000000084c00000, 0x0000000084d00000|  0%| F|  |TAMS 0x0000000084c00000| PB 0x0000000084c00000| Untracked |  0
|  11|0x0000000084d00000, 0x0000000084d00000, 0x0000000084e00000|  0%| F|  |TAMS 0x0000000084d00000| PB 0x0000000084d00000| Untracked |  0
|  12|0x0000000084e00000, 0x0000000084e00000, 0x0000000084f00000|  0%| F|  |TAMS 0x0000000084e00000| PB 0x0000000084e00000| Untracked |  0
|  13|0x0000000084f00000, 0x0000000084f00000, 0x0000000085000000|  0%| F|  |TAMS 0x0000000084f00000| PB 0x0000000084f00000| Untracked |  0
|  14|0x0000000085000000, 0x0000000085000000, 0x0000000085100000|  0%| F|  |TAMS 0x0000000085000000| PB 0x0000000085000000| Untracked |  0
|  15|0x0000000085100000, 0x0000000085100000, 0x0000000085200000|  0%| F|  |TAMS 0x0000000085100000| PB 0x0000000085100000| Untracked |  0
|  16|0x0000000085200000, 0x0000000085200000, 0x0000000085300000|  0%| F|  |TAMS 0x0000000085200000| PB 0x0000000085200000| Untracked |  0
|  17|0x0000000085300000, 0x0000000085300000, 0x0000000085400000|  0%| F|  |TAMS 0x0000000085300000| PB 0x0000000085300000| Untracked |  0
|  18|0x0000000085400000, 0x0000000085400000, 0x0000000085500000|  0%| F|  |TAMS 0x0000000085400000| PB 0x0000000085400000| Untracked |  0
|  19|0x0000000085500000, 0x0000000085500000, 0x0000000085600000|  0%| F|  |TAMS 0x0000000085500000| PB 0x0000000085500000| Untracked |  0
|  20|0x0000000085600000, 0x0000000085600000, 0x0000000085700000|  0%| F|  |TAMS 0x0000000085600000| PB 0x0000000085600000| Untracked |  0
|  21|0x0000000085700000, 0x0000000085700000, 0x0000000085800000|  0%| F|  |TAMS 0x0000000085700000| PB 0x0000000085700000| Untracked |  0
|  22|0x0000000085800000, 0x0000000085800000, 0x0000000085900000|  0%| F|  |TAMS 0x0000000085800000| PB 0x0000000085800000| Untracked |  0
|  23|0x0000000085900000, 0x0000000085900000, 0x0000000085a00000|  0%| F|  |TAMS 0x0000000085900000| PB 0x0000000085900000| Untracked |  0
|  24|0x0000000085a00000, 0x0000000085a00000, 0x0000000085b00000|  0%| F|  |TAMS 0x0000000085a00000| PB 0x0000000085a00000| Untracked |  0
|  25|0x0000000085b00000, 0x0000000085b00000, 0x0000000085c00000|  0%| F|  |TAMS 0x0000000085b00000| PB 0x0000000085b00000| Untracked |  0
|  26|0x0000000085c00000, 0x0000000085c00000, 0x0000000085d00000|  0%| F|  |TAMS 0x0000000085c00000| PB 0x0000000085c00000| Untracked |  0
|  27|0x0000000085d00000, 0x0000000085d00000, 0x0000000085e00000|  0%| F|  |TAMS 0x0000000085d00000| PB 0x0000000085d00000| Untracked |  0
|  28|0x0000000085e00000, 0x0000000085e00000, 0x0000000085f00000|  0%| F|  |TAMS 0x0000000085e00000| PB 0x0000000085e00000| Untracked |  0
|  29|0x0000000085f00000, 0x0000000085f00000, 0x0000000086000000|  0%| F|  |TAMS 0x0000000085f00000| PB 0x0000000085f00000| Untracked |  0
|  30|0x0000000086000000, 0x0000000086000000, 0x0000000086100000|  0%| F|  |TAMS 0x0000000086000000| PB 0x0000000086000000| Untracked |  0
|  31|0x0000000086100000, 0x0000000086100000, 0x0000000086200000|  0%| F|  |TAMS 0x0000000086100000| PB 0x0000000086100000| Untracked |  0
|  32|0x0000000086200000, 0x0000000086200000, 0x0000000086300000|  0%| F|  |TAMS 0x0000000086200000| PB 0x0000000086200000| Untracked |  0
|  33|0x0000000086300000, 0x0000000086300000, 0x0000000086400000|  0%| F|  |TAMS 0x0000000086300000| PB 0x0000000086300000| Untracked |  0
|  34|0x0000000086400000, 0x0000000086400000, 0x0000000086500000|  0%| F|  |TAMS 0x0000000086400000| PB 0x0000000086400000| Untracked |  0
|  35|0x0000000086500000, 0x0000000086500000, 0x0000000086600000|  0%| F|  |TAMS 0x0000000086500000| PB 0x0000000086500000| Untracked |  0
|  36|0x0000000086600000, 0x0000000086600000, 0x0000000086700000|  0%| F|  |TAMS 0x0000000086600000| PB 0x0000000086600000| Untracked |  0
|  37|0x0000000086700000, 0x0000000086700000, 0x0000000086800000|  0%| F|  |TAMS 0x0000000086700000| PB 0x0000000086700000| Untracked |  0
|  38|0x0000000086800000, 0x0000000086800000, 0x0000000086900000|  0%| F|  |TAMS 0x0000000086800000| PB 0x0000000086800000| Untracked |  0
|  39|0x0000000086900000, 0x0000000086900000, 0x0000000086a00000|  0%| F|  |TAMS 0x0000000086900000| PB 0x0000000086900000| Untracked |  0
|  40|0x0000000086a00000, 0x0000000086a00000, 0x0000000086b00000|  0%| F|  |TAMS 0x0000000086a00000| PB 0x0000000086a00000| Untracked |  0
|  41|0x0000000086b00000, 0x0000000086b00000, 0x0000000086c00000|  0%| F|  |TAMS 0x0000000086b00000| PB 0x0000000086b00000| Untracked |  0
|  42|0x0000000086c00000, 0x0000000086c00000, 0x0000000086d00000|  0%| F|  |TAMS 0x0000000086c00000| PB 0x0000000086c00000| Untracked |  0
|  43|0x0000000086d00000, 0x0000000086d00000, 0x0000000086e00000|  0%| F|  |TAMS 0x0000000086d00000| PB 0x0000000086d00000| Untracked |  0
|  44|0x0000000086e00000, 0x0000000086e00000, 0x0000000086f00000|  0%| F|  |TAMS 0x0000000086e00000| PB 0x0000000086e00000| Untracked |  0
|  45|0x0000000086f00000, 0x0000000086f00000, 0x0000000087000000|  0%| F|  |TAMS 0x0000000086f00000| PB 0x0000000086f00000| Untracked |  0
|  46|0x0000000087000000, 0x0000000087000000, 0x0000000087100000|  0%| F|  |TAMS 0x0000000087000000| PB 0x0000000087000000| Untracked |  0
|  47|0x0000000087100000, 0x0000000087100000, 0x0000000087200000|  0%| F|  |TAMS 0x0000000087100000| PB 0x0000000087100000| Untracked |  0
|  48|0x0000000087200000, 0x0000000087200000, 0x0000000087300000|  0%| F|  |TAMS 0x0000000087200000| PB 0x0000000087200000| Untracked |  0
|  49|0x0000000087300000, 0x0000000087300000, 0x0000000087400000|  0%| F|  |TAMS 0x0000000087300000| PB 0x0000000087300000| Untracked |  0
|  50|0x0000000087400000, 0x0000000087400000, 0x0000000087500000|  0%| F|  |TAMS 0x0000000087400000| PB 0x0000000087400000| Untracked |  0
|  51|0x0000000087500000, 0x0000000087500000, 0x0000000087600000|  0%| F|  |TAMS 0x0000000087500000| PB 0x0000000087500000| Untracked |  0
|  52|0x0000000087600000, 0x0000000087600000, 0x0000000087700000|  0%| F|  |TAMS 0x0000000087600000| PB 0x0000000087600000| Untracked |  0
|  53|0x0000000087700000, 0x0000000087700000, 0x0000000087800000|  0%| F|  |TAMS 0x0000000087700000| PB 0x0000000087700000| Untracked |  0
|  54|0x0000000087800000, 0x0000000087800000, 0x0000000087900000|  0%| F|  |TAMS 0x0000000087800000| PB 0x0000000087800000| Untracked |  0
|  55|0x0000000087900000, 0x0000000087900000, 0x0000000087a00000|  0%| F|  |TAMS 0x0000000087900000| PB 0x0000000087900000| Untracked |  0
|  56|0x0000000087a00000, 0x0000000087a00000, 0x0000000087b00000|  0%| F|  |TAMS 0x0000000087a00000| PB 0x0000000087a00000| Untracked |  0
|  57|0x0000000087b00000, 0x0000000087b00000, 0x0000000087c00000|  0%| F|  |TAMS 0x0000000087b00000| PB 0x0000000087b00000| Untracked |  0
|  58|0x0000000087c00000, 0x0000000087c00000, 0x0000000087d00000|  0%| F|  |TAMS 0x0000000087c00000| PB 0x0000000087c00000| Untracked |  0
|  59|0x0000000087d00000, 0x0000000087d00000, 0x0000000087e00000|  0%| F|  |TAMS 0x0000000087d00000| PB 0x0000000087d00000| Untracked |  0
|  60|0x0000000087e00000, 0x0000000087e00000, 0x0000000087f00000|  0%| F|  |TAMS 0x0000000087e00000| PB 0x0000000087e00000| Untracked |  0
|  61|0x0000000087f00000, 0x0000000087f00000, 0x0000000088000000|  0%| F|  |TAMS 0x0000000087f00000| PB 0x0000000087f00000| Untracked |  0
|  62|0x0000000088000000, 0x0000000088000000, 0x0000000088100000|  0%| F|  |TAMS 0x0000000088000000| PB 0x0000000088000000| Untracked |  0
|  63|0x0000000088100000, 0x0000000088100000, 0x0000000088200000|  0%| F|  |TAMS 0x0000000088100000| PB 0x0000000088100000| Untracked |  0
|  64|0x0000000088200000, 0x0000000088200000, 0x0000000088300000|  0%| F|  |TAMS 0x0000000088200000| PB 0x0000000088200000| Untracked |  0
|  65|0x0000000088300000, 0x0000000088300000, 0x0000000088400000|  0%| F|  |TAMS 0x0000000088300000| PB 0x0000000088300000| Untracked |  0
|  66|0x0000000088400000, 0x0000000088400000, 0x0000000088500000|  0%| F|  |TAMS 0x0000000088400000| PB 0x0000000088400000| Untracked |  0
|  67|0x0000000088500000, 0x0000000088500000, 0x0000000088600000|  0%| F|  |TAMS 0x0000000088500000| PB 0x0000000088500000| Untracked |  0
|  68|0x0000000088600000, 0x0000000088600000, 0x0000000088700000|  0%| F|  |TAMS 0x0000000088600000| PB 0x0000000088600000| Untracked |  0
|  69|0x0000000088700000, 0x0000000088700000, 0x0000000088800000|  0%| F|  |TAMS 0x0000000088700000| PB 0x0000000088700000| Untracked |  0
|  70|0x0000000088800000, 0x0000000088800000, 0x0000000088900000|  0%| F|  |TAMS 0x0000000088800000| PB 0x0000000088800000| Untracked |  0
|  71|0x0000000088900000, 0x0000000088900000, 0x0000000088a00000|  0%| F|  |TAMS 0x0000000088900000| PB 0x0000000088900000| Untracked |  0
|  72|0x0000000088a00000, 0x0000000088a7ffe0, 0x0000000088b00000| 49%| S|CS|TAMS 0x0000000088a00000| PB 0x0000000088a00000| Complete |  0
|  73|0x0000000088b00000, 0x0000000088c00000, 0x0000000088c00000|100%| S|CS|TAMS 0x0000000088b00000| PB 0x0000000088b00000| Complete |  0
|  74|0x0000000088c00000, 0x0000000088d00000, 0x0000000088d00000|100%| S|CS|TAMS 0x0000000088c00000| PB 0x0000000088c00000| Complete |  0
|  75|0x0000000088d00000, 0x0000000088e00000, 0x0000000088e00000|100%| S|CS|TAMS 0x0000000088d00000| PB 0x0000000088d00000| Complete |  0
|  76|0x0000000088e00000, 0x0000000088f00000, 0x0000000088f00000|100%| S|CS|TAMS 0x0000000088e00000| PB 0x0000000088e00000| Complete |  0
|  77|0x0000000088f00000, 0x0000000088f00000, 0x0000000089000000|  0%| F|  |TAMS 0x0000000088f00000| PB 0x0000000088f00000| Untracked |  0
|  78|0x0000000089000000, 0x0000000089000000, 0x0000000089100000|  0%| F|  |TAMS 0x0000000089000000| PB 0x0000000089000000| Untracked |  0
|  79|0x0000000089100000, 0x0000000089100000, 0x0000000089200000|  0%| F|  |TAMS 0x0000000089100000| PB 0x0000000089100000| Untracked |  0
|  80|0x0000000089200000, 0x0000000089200000, 0x0000000089300000|  0%| F|  |TAMS 0x0000000089200000| PB 0x0000000089200000| Untracked |  0
|  81|0x0000000089300000, 0x0000000089300000, 0x0000000089400000|  0%| F|  |TAMS 0x0000000089300000| PB 0x0000000089300000| Untracked |  0
|  82|0x0000000089400000, 0x0000000089400000, 0x0000000089500000|  0%| F|  |TAMS 0x0000000089400000| PB 0x0000000089400000| Untracked |  0
|  83|0x0000000089500000, 0x0000000089500000, 0x0000000089600000|  0%| F|  |TAMS 0x0000000089500000| PB 0x0000000089500000| Untracked |  0
|  84|0x0000000089600000, 0x0000000089600000, 0x0000000089700000|  0%| F|  |TAMS 0x0000000089600000| PB 0x0000000089600000| Untracked |  0
|  85|0x0000000089700000, 0x0000000089700000, 0x0000000089800000|  0%| F|  |TAMS 0x0000000089700000| PB 0x0000000089700000| Untracked |  0
|  86|0x0000000089800000, 0x0000000089800000, 0x0000000089900000|  0%| F|  |TAMS 0x0000000089800000| PB 0x0000000089800000| Untracked |  0
|  87|0x0000000089900000, 0x0000000089900000, 0x0000000089a00000|  0%| F|  |TAMS 0x0000000089900000| PB 0x0000000089900000| Untracked |  0
|  88|0x0000000089a00000, 0x0000000089a00000, 0x0000000089b00000|  0%| F|  |TAMS 0x0000000089a00000| PB 0x0000000089a00000| Untracked |  0
|  89|0x0000000089b00000, 0x0000000089b00000, 0x0000000089c00000|  0%| F|  |TAMS 0x0000000089b00000| PB 0x0000000089b00000| Untracked |  0
|  90|0x0000000089c00000, 0x0000000089c00000, 0x0000000089d00000|  0%| F|  |TAMS 0x0000000089c00000| PB 0x0000000089c00000| Untracked |  0
|  91|0x0000000089d00000, 0x0000000089d00000, 0x0000000089e00000|  0%| F|  |TAMS 0x0000000089d00000| PB 0x0000000089d00000| Untracked |  0
|  92|0x0000000089e00000, 0x0000000089e00000, 0x0000000089f00000|  0%| F|  |TAMS 0x0000000089e00000| PB 0x0000000089e00000| Untracked |  0
|  93|0x0000000089f00000, 0x0000000089f00000, 0x000000008a000000|  0%| F|  |TAMS 0x0000000089f00000| PB 0x0000000089f00000| Untracked |  0
|  94|0x000000008a000000, 0x000000008a000000, 0x000000008a100000|  0%| F|  |TAMS 0x000000008a000000| PB 0x000000008a000000| Untracked |  0
|  95|0x000000008a100000, 0x000000008a100000, 0x000000008a200000|  0%| F|  |TAMS 0x000000008a100000| PB 0x000000008a100000| Untracked |  0
|  96|0x000000008a200000, 0x000000008a200000, 0x000000008a300000|  0%| F|  |TAMS 0x000000008a200000| PB 0x000000008a200000| Untracked |  0
|  97|0x000000008a300000, 0x000000008a300000, 0x000000008a400000|  0%| F|  |TAMS 0x000000008a300000| PB 0x000000008a300000| Untracked |  0
|  98|0x000000008a400000, 0x000000008a400000, 0x000000008a500000|  0%| F|  |TAMS 0x000000008a400000| PB 0x000000008a400000| Untracked |  0
|  99|0x000000008a500000, 0x000000008a500000, 0x000000008a600000|  0%| F|  |TAMS 0x000000008a500000| PB 0x000000008a500000| Untracked |  0
| 100|0x000000008a600000, 0x000000008a600000, 0x000000008a700000|  0%| F|  |TAMS 0x000000008a600000| PB 0x000000008a600000| Untracked |  0
| 101|0x000000008a700000, 0x000000008a700000, 0x000000008a800000|  0%| F|  |TAMS 0x000000008a700000| PB 0x000000008a700000| Untracked |  0
| 102|0x000000008a800000, 0x000000008a800000, 0x000000008a900000|  0%| F|  |TAMS 0x000000008a800000| PB 0x000000008a800000| Untracked |  0
| 103|0x000000008a900000, 0x000000008a900000, 0x000000008aa00000|  0%| F|  |TAMS 0x000000008a900000| PB 0x000000008a900000| Untracked |  0
| 104|0x000000008aa00000, 0x000000008aa00000, 0x000000008ab00000|  0%| F|  |TAMS 0x000000008aa00000| PB 0x000000008aa00000| Untracked |  0
| 105|0x000000008ab00000, 0x000000008ab00000, 0x000000008ac00000|  0%| F|  |TAMS 0x000000008ab00000| PB 0x000000008ab00000| Untracked |  0
| 106|0x000000008ac00000, 0x000000008ac00000, 0x000000008ad00000|  0%| F|  |TAMS 0x000000008ac00000| PB 0x000000008ac00000| Untracked |  0
| 107|0x000000008ad00000, 0x000000008ad00000, 0x000000008ae00000|  0%| F|  |TAMS 0x000000008ad00000| PB 0x000000008ad00000| Untracked |  0
| 108|0x000000008ae00000, 0x000000008ae00000, 0x000000008af00000|  0%| F|  |TAMS 0x000000008ae00000| PB 0x000000008ae00000| Untracked |  0
| 109|0x000000008af00000, 0x000000008af80000, 0x000000008b000000| 50%| E|  |TAMS 0x000000008af00000| PB 0x000000008af00000| Complete |  0
| 110|0x000000008b000000, 0x000000008b100000, 0x000000008b100000|100%| E|CS|TAMS 0x000000008b000000| PB 0x000000008b000000| Complete |  0
| 111|0x000000008b100000, 0x000000008b200000, 0x000000008b200000|100%| E|CS|TAMS 0x000000008b100000| PB 0x000000008b100000| Complete |  0
| 112|0x000000008b200000, 0x000000008b300000, 0x000000008b300000|100%| E|CS|TAMS 0x000000008b200000| PB 0x000000008b200000| Complete |  0
| 113|0x000000008b300000, 0x000000008b400000, 0x000000008b400000|100%| E|CS|TAMS 0x000000008b300000| PB 0x000000008b300000| Complete |  0
| 114|0x000000008b400000, 0x000000008b500000, 0x000000008b500000|100%| E|CS|TAMS 0x000000008b400000| PB 0x000000008b400000| Complete |  0
| 115|0x000000008b500000, 0x000000008b600000, 0x000000008b600000|100%| E|CS|TAMS 0x000000008b500000| PB 0x000000008b500000| Complete |  0
| 116|0x000000008b600000, 0x000000008b700000, 0x000000008b700000|100%| E|CS|TAMS 0x000000008b600000| PB 0x000000008b600000| Complete |  0
| 117|0x000000008b700000, 0x000000008b800000, 0x000000008b800000|100%| E|CS|TAMS 0x000000008b700000| PB 0x000000008b700000| Complete |  0
| 118|0x000000008b800000, 0x000000008b900000, 0x000000008b900000|100%| E|CS|TAMS 0x000000008b800000| PB 0x000000008b800000| Complete |  0
| 119|0x000000008b900000, 0x000000008ba00000, 0x000000008ba00000|100%| E|CS|TAMS 0x000000008b900000| PB 0x000000008b900000| Complete |  0
| 120|0x000000008ba00000, 0x000000008bb00000, 0x000000008bb00000|100%| E|CS|TAMS 0x000000008ba00000| PB 0x000000008ba00000| Complete |  0
| 121|0x000000008bb00000, 0x000000008bc00000, 0x000000008bc00000|100%| E|CS|TAMS 0x000000008bb00000| PB 0x000000008bb00000| Complete |  0
| 122|0x000000008bc00000, 0x000000008bd00000, 0x000000008bd00000|100%| E|CS|TAMS 0x000000008bc00000| PB 0x000000008bc00000| Complete |  0
| 123|0x000000008bd00000, 0x000000008be00000, 0x000000008be00000|100%| E|CS|TAMS 0x000000008bd00000| PB 0x000000008bd00000| Complete |  0
|1980|0x00000000ffe00000, 0x00000000fff00000, 0x00000000fff00000|100%| O|  |TAMS 0x00000000ffe00000| PB 0x00000000ffe00000| Untracked |  0
|1981|0x00000000fff00000, 0x00000000fff1d248, 0x0000000100000000| 11%| O|  |TAMS 0x00000000fff00000| PB 0x00000000fff00000| Untracked |  0

Card table byte_map: [0x00000228f5a10000,0x00000228f5df0000] _byte_map_base: 0x00000228f55ef000

Marking Bits: (CMBitMap*) 0x00000228dd2749b0
 Bits: [0x00000228f5df0000, 0x00000228f7ce8000)

Polling page: 0x00000228dd2e0000

Metaspace:

Usage:
  Non-class:     11.00 MB used.
      Class:      1.21 MB used.
       Both:     12.21 MB used.

Virtual space:
  Non-class space:       64.00 MB reserved,      11.12 MB ( 17%) committed,  1 nodes.
      Class space:        1.00 GB reserved,       1.31 MB ( <1%) committed,  1 nodes.
             Both:        1.06 GB reserved,      12.44 MB (  1%) committed. 

Chunk freelists:
   Non-Class:  3.89 MB
       Class:  14.72 MB
        Both:  18.61 MB

MaxMetaspaceSize: unlimited
CompressedClassSpaceSize: 1.00 GB
Initial GC threshold: 21.00 MB
Current GC threshold: 21.00 MB
CDS: on
 - commit_granule_bytes: 65536.
 - commit_granule_words: 8192.
 - virtual_space_node_default_size: 8388608.
 - enlarge_chunks_in_place: 1.
UseCompressedClassPointers 1, UseCompactObjectHeaders 0
Narrow klass pointer bits 32, Max shift 3
Narrow klass base: 0x0000022880000000, Narrow klass shift: 0
Encoding Range: [0x0000022880000000 - 0x0000022980000000), (4294967296 bytes)
Klass Range:    [0x0000022880000000 - 0x00000228c1000000), (1090519040 bytes)
Klass ID Range:  [8 - 1090519033) (1090519025)


Internal statistics:

num_allocs_failed_limit: 0.
num_arena_births: 148.
num_arena_deaths: 0.
num_vsnodes_births: 2.
num_vsnodes_deaths: 0.
num_space_committed: 199.
num_space_uncommitted: 0.
num_chunks_returned_to_freelist: 0.
num_chunks_taken_from_freelist: 547.
num_chunk_merges: 0.
num_chunk_splits: 390.
num_chunks_enlarged: 315.
num_inconsistent_stats: 0.

CodeHeap 'non-profiled nmethods': size=120064Kb used=823Kb max_used=823Kb free=119240Kb
 bounds [0x00000228ed680000, 0x00000228ed8f0000, 0x00000228f4bc0000]
CodeHeap 'profiled nmethods': size=120000Kb used=4403Kb max_used=4403Kb free=115596Kb
 bounds [0x00000228e5bc0000, 0x00000228e6010000, 0x00000228ed0f0000]
CodeHeap 'non-nmethods': size=5696Kb used=1452Kb max_used=1464Kb free=4244Kb
 bounds [0x00000228ed0f0000, 0x00000228ed360000, 0x00000228ed680000]
CodeCache: size=245760Kb, used=6678Kb, max_used=6690Kb, free=239080Kb
 total_blobs=3153, nmethods=2661, adapters=395, full_count=0
Compilation: enabled, stopped_count=0, restarted_count=0

Compilation events (20 events):
Event: 5.022 Thread 0x00000228fa7572c0 2573       1       java.lang.ClassValue$ClassValueMap::getCache (5 bytes)
Event: 5.022 Thread 0x00000228fa7572c0 nmethod 2573 0x00000228ed748d08 code [0x00000228ed748e00, 0x00000228ed748ec8]
Event: 5.022 Thread 0x00000228fa7572c0 2574       1       com.google.inject.internal.BindingImpl::getInjector (5 bytes)
Event: 5.023 Thread 0x00000228fa7572c0 nmethod 2574 0x00000228ed749008 code [0x00000228ed749100, 0x00000228ed7491c8]
Event: 5.023 Thread 0x00000228fa7572c0 2575       1       com.google.inject.spi.TypeListenerBinding::getListener (5 bytes)
Event: 5.023 Thread 0x00000228fa7572c0 nmethod 2575 0x00000228ed749308 code [0x00000228ed749400, 0x00000228ed7494c8]
Event: 5.023 Thread 0x00000228fa7572c0 2576       1       com.google.inject.spi.TypeListenerBinding::getTypeMatcher (5 bytes)
Event: 5.023 Thread 0x00000228fa7572c0 nmethod 2576 0x00000228ed749608 code [0x00000228ed749700, 0x00000228ed7497c8]
Event: 5.023 Thread 0x00000228fa7572c0 2577       1       java.lang.ClassValue$Version::promise (5 bytes)
Event: 5.023 Thread 0x00000228fa7572c0 nmethod 2577 0x00000228ed749908 code [0x00000228ed749a00, 0x00000228ed749ac8]
Event: 5.023 Thread 0x00000228fa7572c0 2578       1       org.objectweb.asm.Handle::getTag (5 bytes)
Event: 5.023 Thread 0x00000228fa7572c0 nmethod 2578 0x00000228ed749c08 code [0x00000228ed749d00, 0x00000228ed749dc8]
Event: 5.023 Thread 0x00000228fa7572c0 2579       1       org.objectweb.asm.Handle::getOwner (5 bytes)
Event: 5.023 Thread 0x00000228fa7572c0 nmethod 2579 0x00000228ed749f08 code [0x00000228ed74a000, 0x00000228ed74a0c8]
Event: 5.023 Thread 0x00000228fa7572c0 2580       1       org.objectweb.asm.Handle::getName (5 bytes)
Event: 5.023 Thread 0x00000228fa7572c0 nmethod 2580 0x00000228ed74a208 code [0x00000228ed74a300, 0x00000228ed74a3c8]
Event: 5.023 Thread 0x00000228fa7572c0 2581       1       org.objectweb.asm.Handle::getDesc (5 bytes)
Event: 5.023 Thread 0x00000228fa7572c0 nmethod 2581 0x00000228ed74a508 code [0x00000228ed74a600, 0x00000228ed74a6c8]
Event: 5.023 Thread 0x00000228fa7572c0 2583       3       java.util.WeakHashMap::get (75 bytes)
Event: 6.025 Thread 0x00000228fa7572c0 nmethod 2583 0x00000228e5fe3c08 code [0x00000228e5fe3dc0, 0x00000228e5fe4718]

GC Heap History (2 events):
Event: 2.902 GC heap before
{Heap before GC invocations=0 (full 0):
 garbage-first heap   total reserved 2029568K, committed 129024K, used 49268K [0x0000000084200000, 0x0000000100000000)
  region size 1024K, 47 young (48128K), 0 survivors (0K)
 Metaspace       used 9756K, committed 9984K, reserved 1114112K
  class space    used 885K, committed 1024K, reserved 1048576K
}
Event: 2.915 GC heap after
{Heap after GC invocations=1 (full 0):
 garbage-first heap   total reserved 2029568K, committed 129024K, used 5748K [0x0000000084200000, 0x0000000100000000)
  region size 1024K, 5 young (5120K), 5 survivors (5120K)
 Metaspace       used 9756K, committed 9984K, reserved 1114112K
  class space    used 885K, committed 1024K, reserved 1048576K
}

Dll operation events (8 events):
Event: 0.026 Loaded shared library C:\Program Files\Java\jdk-24\bin\java.dll
Event: 0.101 Loaded shared library C:\Program Files\Java\jdk-24\bin\jsvml.dll
Event: 0.137 Loaded shared library C:\Program Files\Java\jdk-24\bin\net.dll
Event: 0.142 Loaded shared library C:\Program Files\Java\jdk-24\bin\nio.dll
Event: 0.150 Loaded shared library C:\Program Files\Java\jdk-24\bin\zip.dll
Event: 0.612 Loaded shared library C:\Users\fali5\OneDrive\Desktop\Maven\apache-maven-3.9.11\lib\jansi-native\Windows\x86_64\jansi.dll
Event: 0.671 Loaded shared library C:\Program Files\Java\jdk-24\bin\verify.dll
Event: 0.730 Loaded shared library C:\Program Files\Java\jdk-24\bin\jimage.dll

Deoptimization events (20 events):
Event: 3.140 Thread 0x00000228db6f5a60 Uncommon trap: trap_request=0xffffffd6 fr.pc=0x00000228ed72a110 relative=0x0000000000000630
Event: 3.140 Thread 0x00000228db6f5a60 Uncommon trap: reason=array_check action=maybe_recompile pc=0x00000228ed72a110 method=jdk.internal.classfile.impl.SplitConstantPool.internalAdd(Ljava/lang/classfile/constantpool/PoolEntry;I)Ljava/lang/classfile/constantpool/PoolEntry; @ 46 c2
Event: 3.140 Thread 0x00000228db6f5a60 DEOPT PACKING pc=0x00000228ed72a110 sp=0x0000009dd3bfb370
Event: 3.140 Thread 0x00000228db6f5a60 DEOPT UNPACKING pc=0x00000228ed215e02 sp=0x0000009dd3bfb300 mode 2
Event: 3.156 Thread 0x00000228db6f5a60 Uncommon trap: trap_request=0xffffff4d fr.pc=0x00000228ed6f46c0 relative=0x0000000000000280
Event: 3.156 Thread 0x00000228db6f5a60 Uncommon trap: reason=unstable_if action=reinterpret pc=0x00000228ed6f46c0 method=java.util.concurrent.ConcurrentHashMap.get(Ljava/lang/Object;)Ljava/lang/Object; @ 76 c2
Event: 3.156 Thread 0x00000228db6f5a60 DEOPT PACKING pc=0x00000228ed6f46c0 sp=0x0000009dd3bfb480
Event: 3.156 Thread 0x00000228db6f5a60 DEOPT UNPACKING pc=0x00000228ed215e02 sp=0x0000009dd3bfb3f8 mode 2
Event: 4.249 Thread 0x00000228db6f5a60 Uncommon trap: trap_request=0xffffff4d fr.pc=0x00000228ed6fa860 relative=0x00000000000001c0
Event: 4.249 Thread 0x00000228db6f5a60 Uncommon trap: reason=unstable_if action=reinterpret pc=0x00000228ed6fa860 method=java.lang.ClassLoader.checkName(Ljava/lang/String;)Z @ 1 c2
Event: 4.249 Thread 0x00000228db6f5a60 DEOPT PACKING pc=0x00000228ed6fa860 sp=0x0000009dd3bfda20
Event: 4.249 Thread 0x00000228db6f5a60 DEOPT UNPACKING pc=0x00000228ed215e02 sp=0x0000009dd3bfd9b8 mode 2
Event: 4.476 Thread 0x00000228db6f5a60 DEOPT PACKING pc=0x00000228e5ef181c sp=0x0000009dd3bfdf00
Event: 4.476 Thread 0x00000228db6f5a60 DEOPT UNPACKING pc=0x00000228ed146642 sp=0x0000009dd3bfd460 mode 0
Event: 4.640 Thread 0x00000228db6f5a60 DEOPT PACKING pc=0x00000228e5ee9994 sp=0x0000009dd3bfd360
Event: 4.640 Thread 0x00000228db6f5a60 DEOPT UNPACKING pc=0x00000228ed146642 sp=0x0000009dd3bfc818 mode 0
Event: 4.646 Thread 0x00000228db6f5a60 Uncommon trap: trap_request=0xffffffec fr.pc=0x00000228ed73dbe0 relative=0x0000000000000240
Event: 4.646 Thread 0x00000228db6f5a60 Uncommon trap: reason=null_assert_or_unreached0 action=make_not_entrant pc=0x00000228ed73dbe0 method=java.lang.reflect.Method.copy()Ljava/lang/reflect/Method; @ 87 c2
Event: 4.646 Thread 0x00000228db6f5a60 DEOPT PACKING pc=0x00000228ed73dbe0 sp=0x0000009dd3bfd820
Event: 4.646 Thread 0x00000228db6f5a60 DEOPT UNPACKING pc=0x00000228ed215e02 sp=0x0000009dd3bfd7a8 mode 2

Classes loaded (20 events):
Event: 3.172 Loading class java/util/stream/SliceOps$1$1
Event: 3.172 Loading class java/util/stream/SliceOps$1$1 done
Event: 3.172 Loading class java/util/stream/WhileOps$1Op$1OpSink
Event: 3.172 Loading class java/util/stream/WhileOps$DropWhileSink
Event: 3.172 Loading class java/util/stream/WhileOps$DropWhileSink done
Event: 3.172 Loading class java/util/stream/WhileOps$1Op$1OpSink done
Event: 3.180 Loading class java/util/Formatter$FixedString
Event: 3.180 Loading class java/util/Formatter$FixedString done
Event: 4.199 Loading class java/lang/ClassValue$ClassValueMap
Event: 4.200 Loading class java/lang/ClassValue$ClassValueMap done
Event: 4.221 Loading class sun/invoke/util/ValueConversions$1
Event: 4.221 Loading class sun/invoke/util/ValueConversions$1 done
Event: 4.224 Loading class java/lang/invoke/BoundMethodHandle$Species_LI
Event: 4.224 Loading class java/lang/invoke/BoundMethodHandle$Species_LI done
Event: 4.243 Loading class java/lang/invoke/BoundMethodHandle$Species_LLLLL
Event: 4.243 Loading class java/lang/invoke/BoundMethodHandle$Species_LLLLL done
Event: 4.636 Loading class sun/reflect/generics/scope/MethodScope
Event: 4.637 Loading class sun/reflect/generics/scope/MethodScope done
Event: 4.637 Loading class sun/reflect/generics/repository/MethodRepository
Event: 4.637 Loading class sun/reflect/generics/repository/MethodRepository done

Classes unloaded (0 events):
No events

Classes redefined (0 events):
No events

Internal exceptions (20 events):
Event: 0.725 Thread 0x00000228db6f5a60 Exception <a 'java/lang/NoSuchMethodError'{0x000000008b79c700}: 'void java.lang.invoke.DirectMethodHandle$Holder.invokeStatic(java.lang.Object, java.lang.Object, java.lang.Object)'> (0x000000008b79c700) 
thrown [s\open\src\hotspot\share\interpreter\linkResolver.cpp, line 805]
Event: 0.900 Thread 0x00000228db6f5a60 Exception <a 'java/lang/NoSuchMethodError'{0x000000008b5436d8}: 'java.lang.Object java.lang.invoke.DirectMethodHandle$Holder.invokeSpecialIFC(java.lang.Object, java.lang.Object, java.lang.Object, java.lang.Object)'> (0x000000008b5436d8) 
thrown [s\open\src\hotspot\share\interpreter\linkResolver.cpp, line 805]
Event: 1.263 Thread 0x00000228db6f5a60 Exception <a 'java/lang/NoSuchMethodError'{0x000000008b043bd8}: 'void java.lang.invoke.DirectMethodHandle$Holder.invokeSpecial(java.lang.Object, java.lang.Object, java.lang.Object)'> (0x000000008b043bd8) 
thrown [s\open\src\hotspot\share\interpreter\linkResolver.cpp, line 805]
Event: 1.323 Thread 0x00000228db6f5a60 Exception <a 'java/lang/NoSuchMethodError'{0x000000008af60b58}: 'java.lang.Object java.lang.invoke.DirectMethodHandle$Holder.invokeInterface(java.lang.Object, java.lang.Object)'> (0x000000008af60b58) 
thrown [s\open\src\hotspot\share\interpreter\linkResolver.cpp, line 805]
Event: 1.350 Thread 0x00000228db6f5a60 Exception <a 'java/lang/NoSuchMethodError'{0x000000008ae0bda0}: 'int java.lang.invoke.DirectMethodHandle$Holder.invokeStatic(java.lang.Object, java.lang.Object, java.lang.Object, java.lang.Object)'> (0x000000008ae0bda0) 
thrown [s\open\src\hotspot\share\interpreter\linkResolver.cpp, line 805]
Event: 1.358 Thread 0x00000228db6f5a60 Exception <a 'java/lang/NoSuchMethodError'{0x000000008ae35988}: 'int java.lang.invoke.DirectMethodHandle$Holder.invokeSpecialIFC(java.lang.Object, java.lang.Object, java.lang.Object, java.lang.Object, java.lang.Object)'> (0x000000008ae35988) 
thrown [s\open\src\hotspot\share\interpreter\linkResolver.cpp, line 805]
Event: 1.461 Thread 0x00000228db6f5a60 Exception <a 'java/lang/NoSuchMethodError'{0x000000008adff868}: 'java.lang.Object java.lang.invoke.DirectMethodHandle$Holder.newInvokeSpecial(java.lang.Object, java.lang.Object, java.lang.Object, java.lang.Object, java.lang.Object)'> (0x000000008adff868) 
thrown [s\open\src\hotspot\share\interpreter\linkResolver.cpp, line 805]
Event: 1.516 Thread 0x00000228db6f5a60 Exception <a 'java/lang/NoSuchMethodError'{0x000000008ab1e9f0}: 'int java.lang.invoke.DirectMethodHandle$Holder.invokeStaticInit(java.lang.Object, java.lang.Object)'> (0x000000008ab1e9f0) 
thrown [s\open\src\hotspot\share\interpreter\linkResolver.cpp, line 805]
Event: 1.525 Thread 0x00000228db6f5a60 Exception <a 'java/lang/NoClassDefFoundError'{0x000000008ab58b50}: javax/enterprise/inject/Typed> (0x000000008ab58b50) 
thrown [s\open\src\hotspot\share\classfile\systemDictionary.cpp, line 316]
Event: 3.124 Thread 0x00000228db6f5a60 Exception <a 'java/lang/NoSuchMethodError'{0x000000008bab8740}: 'void java.lang.invoke.DirectMethodHandle$Holder.invokeStaticInit(java.lang.Object, java.lang.Object, java.lang.Object)'> (0x000000008bab8740) 
thrown [s\open\src\hotspot\share\interpreter\linkResolver.cpp, line 805]
Event: 3.149 Thread 0x00000228db6f5a60 Exception <a 'java/lang/ExceptionInInitializerError'{0x000000008b9109a8}> (0x000000008b9109a8) 
thrown [s\open\src\hotspot\share\oops\instanceKlass.cpp, line 1328]
Event: 3.190 Thread 0x00000228db6f5a60 Exception <a 'java/lang/NoSuchMethodError'{0x000000008b974ec8}: 'java.lang.Object java.lang.invoke.DirectMethodHandle$Holder.invokeStatic(java.lang.Object, long)'> (0x000000008b974ec8) 
thrown [s\open\src\hotspot\share\interpreter\linkResolver.cpp, line 805]
Event: 3.192 Thread 0x00000228db6f5a60 Exception <a 'java/lang/NoSuchMethodError'{0x000000008b9869a0}: 'long java.lang.invoke.DelegatingMethodHandle$Holder.reinvoke_L(java.lang.Object, java.lang.Object, java.lang.Object)'> (0x000000008b9869a0) 
thrown [s\open\src\hotspot\share\interpreter\linkResolver.cpp, line 805]
Event: 4.223 Thread 0x00000228db6f5a60 Exception <a 'java/lang/NoSuchMethodError'{0x000000008b807ab8}: 'long java.lang.invoke.DelegatingMethodHandle$Holder.reinvoke_L(java.lang.Object, java.lang.Object, int)'> (0x000000008b807ab8) 
thrown [s\open\src\hotspot\share\interpreter\linkResolver.cpp, line 805]
Event: 4.227 Thread 0x00000228db6f5a60 Exception <a 'java/lang/NoSuchMethodError'{0x000000008b81f3a8}: 'java.lang.Object java.lang.invoke.DirectMethodHandle$Holder.invokeStatic(java.lang.Object, java.lang.Object, java.lang.Object, java.lang.Object, int)'> (0x000000008b81f3a8) 
thrown [s\open\src\hotspot\share\interpreter\linkResolver.cpp, line 805]
Event: 4.228 Thread 0x00000228db6f5a60 Exception <a 'java/lang/NoSuchMethodError'{0x000000008b830ab8}: 'java.lang.Object java.lang.invoke.DirectMethodHandle$Holder.invokeSpecial(java.lang.Object, java.lang.Object, java.lang.Object, java.lang.Object, long)'> (0x000000008b830ab8) 
thrown [s\open\src\hotspot\share\interpreter\linkResolver.cpp, line 805]
Event: 4.245 Thread 0x00000228db6f5a60 Exception <a 'java/lang/NoSuchMethodError'{0x000000008b886d38}: 'java.lang.Object java.lang.invoke.DirectMethodHandle$Holder.invokeStatic(java.lang.Object, java.lang.Object, java.lang.Object, java.lang.Object, java.lang.Object, java.lang.Object, java.lang.Object, java.lang.Object)'> (0x000000008b886d38) 
thrown [s\open\src\hotspot\share\interpreter\linkResolver.cpp, line 805]
Event: 4.247 Thread 0x00000228db6f5a60 Exception <a 'java/lang/NoSuchMethodError'{0x000000008b899d20}: 'java.lang.Object java.lang.invoke.Invokers$Holder.invokeExact_MT(java.lang.Object, java.lang.Object, java.lang.Object, java.lang.Object, java.lang.Object, java.lang.Object)'> (0x000000008b899d20) 
thrown [s\open\src\hotspot\share\interpreter\linkResolver.cpp, line 805]
Event: 4.249 Thread 0x00000228db6f5a60 Implicit null exception at 0x00000228ed6fa6bd to 0x00000228ed6fa84c
Event: 4.253 Thread 0x00000228db6f5a60 Exception <a 'java/lang/NoSuchMethodError'{0x000000008b8b3048}: 'java.lang.Object java.lang.invoke.Invokers$Holder.invokeExact_MT(java.lang.Object, int, java.lang.Object)'> (0x000000008b8b3048) 
thrown [s\open\src\hotspot\share\interpreter\linkResolver.cpp, line 805]

VM Operations (20 events):
Event: 0.589 Executing VM operation: HandshakeAllThreads (Deoptimize)
Event: 0.589 Executing VM operation: HandshakeAllThreads (Deoptimize) done
Event: 0.739 Executing VM operation: HandshakeAllThreads (Deoptimize)
Event: 0.743 Executing VM operation: HandshakeAllThreads (Deoptimize) done
Event: 2.401 Executing VM operation: HandshakeAllThreads (Deoptimize)
Event: 2.401 Executing VM operation: HandshakeAllThreads (Deoptimize) done
Event: 2.743 Executing VM operation: HandshakeAllThreads (Deoptimize)
Event: 2.743 Executing VM operation: HandshakeAllThreads (Deoptimize) done
Event: 2.902 Executing VM operation: G1CollectForAllocation (G1 Evacuation Pause)
Event: 2.915 Executing VM operation: G1CollectForAllocation (G1 Evacuation Pause) done
Event: 3.170 Executing VM operation: HandshakeAllThreads (Deoptimize)
Event: 3.170 Executing VM operation: HandshakeAllThreads (Deoptimize) done
Event: 4.200 Executing VM operation: HandshakeAllThreads (Deoptimize)
Event: 4.200 Executing VM operation: HandshakeAllThreads (Deoptimize) done
Event: 4.467 Executing VM operation: HandshakeAllThreads (Deoptimize)
Event: 4.468 Executing VM operation: HandshakeAllThreads (Deoptimize) done
Event: 4.474 Executing VM operation: HandshakeAllThreads (Deoptimize)
Event: 4.474 Executing VM operation: HandshakeAllThreads (Deoptimize) done
Event: 4.639 Executing VM operation: HandshakeAllThreads (Deoptimize)
Event: 4.639 Executing VM operation: HandshakeAllThreads (Deoptimize) done

Memory protections (0 events):
No events

Nmethod flushes (0 events):
No events

Events (19 events):
Event: 0.073 Thread 0x00000228db6f5a60 Thread added: 0x00000228db6f5a60
Event: 0.093 Thread 0x00000228db6f5a60 Thread added: 0x00000228fa71eb90
Event: 0.093 Thread 0x00000228db6f5a60 Thread added: 0x00000228fa71f2d0
Event: 0.093 Thread 0x00000228db6f5a60 Thread added: 0x00000228fa7222a0
Event: 0.093 Thread 0x00000228db6f5a60 Thread added: 0x00000228fa7232d0
Event: 0.093 Thread 0x00000228db6f5a60 Thread added: 0x00000228fa724020
Event: 0.093 Thread 0x00000228db6f5a60 Thread added: 0x00000228fa724c40
Event: 0.094 Thread 0x00000228db6f5a60 Thread added: 0x00000228fa730ad0
Event: 0.094 Thread 0x00000228db6f5a60 Thread added: 0x00000228fa7572c0
Event: 0.122 Thread 0x00000228db6f5a60 Thread added: 0x00000228c51231c0
Event: 0.129 Thread 0x00000228db6f5a60 Thread added: 0x00000228c51242e0
Event: 0.596 Thread 0x00000228db6f5a60 Thread added: 0x00000228c5aa04b0
Event: 0.805 Thread 0x00000228c5aa04b0 Thread exited: 0x00000228c5aa04b0
Event: 1.000 Thread 0x00000228fa7572c0 Thread added: 0x00000228c5c06080
Event: 1.332 Thread 0x00000228c5c06080 Thread exited: 0x00000228c5c06080
Event: 1.545 Thread 0x00000228fa7572c0 Thread added: 0x00000228c5cd36d0
Event: 1.568 Thread 0x00000228fa730ad0 Thread added: 0x00000228c5da2c50
Event: 2.583 Thread 0x00000228c5da2c50 Thread exited: 0x00000228c5da2c50
Event: 2.688 Thread 0x00000228c5cd36d0 Thread exited: 0x00000228c5cd36d0


Dynamic libraries:
0x00007ff65ed10000 - 0x00007ff65ed20000 	C:\Program Files\Java\jdk-24\bin\java.exe
0x00007ffc430e0000 - 0x00007ffc43345000 	C:\WINDOWS\SYSTEM32\ntdll.dll
0x00007ffc41b00000 - 0x00007ffc41bc9000 	C:\WINDOWS\System32\KERNEL32.DLL
0x00007ffc407c0000 - 0x00007ffc40ba8000 	C:\WINDOWS\System32\KERNELBASE.dll
0x00007ffc40530000 - 0x00007ffc4067b000 	C:\WINDOWS\System32\ucrtbase.dll
0x00007ffc21120000 - 0x00007ffc2113b000 	C:\Program Files\Java\jdk-24\bin\VCRUNTIME140.dll
0x00007ffc21b60000 - 0x00007ffc21b76000 	C:\Program Files\Java\jdk-24\bin\jli.dll
0x00007ffc415f0000 - 0x00007ffc417ba000 	C:\WINDOWS\System32\USER32.dll
0x00007ffc40db0000 - 0x00007ffc40dd7000 	C:\WINDOWS\System32\win32u.dll
0x00007ffc28a60000 - 0x00007ffc28cfa000 	C:\WINDOWS\WinSxS\amd64_microsoft.windows.common-controls_6595b64144ccf1df_6.0.26100.4202_none_3e0698d4e335f517\COMCTL32.dll
0x00007ffc419a0000 - 0x00007ffc41a49000 	C:\WINDOWS\System32\msvcrt.dll
0x00007ffc40f50000 - 0x00007ffc40f7b000 	C:\WINDOWS\System32\GDI32.dll
0x00007ffc40680000 - 0x00007ffc407b7000 	C:\WINDOWS\System32\gdi32full.dll
0x00007ffc40bb0000 - 0x00007ffc40c53000 	C:\WINDOWS\System32\msvcp_win.dll
0x00007ffc40f00000 - 0x00007ffc40f30000 	C:\WINDOWS\System32\IMM32.DLL
0x00007ffc2a2c0000 - 0x00007ffc2a2cc000 	C:\Program Files\Java\jdk-24\bin\vcruntime140_1.dll
0x00007ffc10810000 - 0x00007ffc1089e000 	C:\Program Files\Java\jdk-24\bin\msvcp140.dll
0x00007ffbb01d0000 - 0x00007ffbb0f71000 	C:\Program Files\Java\jdk-24\bin\server\jvm.dll
0x00007ffc423b0000 - 0x00007ffc42463000 	C:\WINDOWS\System32\ADVAPI32.dll
0x00007ffc42a80000 - 0x00007ffc42b26000 	C:\WINDOWS\System32\sechost.dll
0x00007ffc41000000 - 0x00007ffc41115000 	C:\WINDOWS\System32\RPCRT4.dll
0x00007ffc40e80000 - 0x00007ffc40ef4000 	C:\WINDOWS\System32\WS2_32.dll
0x00007ffc40080000 - 0x00007ffc400de000 	C:\WINDOWS\SYSTEM32\POWRPROF.dll
0x00007ffc38270000 - 0x00007ffc382a5000 	C:\WINDOWS\SYSTEM32\WINMM.dll
0x00007ffc319e0000 - 0x00007ffc319eb000 	C:\WINDOWS\SYSTEM32\VERSION.dll
0x00007ffc40060000 - 0x00007ffc40074000 	C:\WINDOWS\SYSTEM32\UMPDC.dll
0x00007ffc3eff0000 - 0x00007ffc3f00b000 	C:\WINDOWS\SYSTEM32\kernel.appcore.dll
0x00007ffc28d70000 - 0x00007ffc28d7a000 	C:\Program Files\Java\jdk-24\bin\jimage.dll
0x00007ffc3d8a0000 - 0x00007ffc3dae1000 	C:\WINDOWS\SYSTEM32\DBGHELP.DLL
0x00007ffc41210000 - 0x00007ffc41595000 	C:\WINDOWS\System32\combase.dll
0x00007ffc41120000 - 0x00007ffc41201000 	C:\WINDOWS\System32\OLEAUT32.dll
0x00007ffc25780000 - 0x00007ffc257b9000 	C:\WINDOWS\SYSTEM32\dbgcore.DLL
0x00007ffc40de0000 - 0x00007ffc40e79000 	C:\WINDOWS\System32\bcryptPrimitives.dll
0x00007ffc1b5d0000 - 0x00007ffc1b5ee000 	C:\Program Files\Java\jdk-24\bin\java.dll
0x00007ffc42b30000 - 0x00007ffc42cce000 	C:\WINDOWS\System32\ole32.dll
0x00007ffc41c60000 - 0x00007ffc423a2000 	C:\WINDOWS\System32\SHELL32.dll
0x00007ffc40230000 - 0x00007ffc403a4000 	C:\WINDOWS\System32\wintypes.dll
0x00007ffc3de60000 - 0x00007ffc3e6b8000 	C:\WINDOWS\SYSTEM32\windows.storage.dll
0x00007ffc42e20000 - 0x00007ffc42f11000 	C:\WINDOWS\System32\SHCORE.dll
0x00007ffc40f90000 - 0x00007ffc40ffa000 	C:\WINDOWS\System32\shlwapi.dll
0x00007ffc40140000 - 0x00007ffc4016f000 	C:\WINDOWS\SYSTEM32\profapi.dll
0x00007ffbde7c0000 - 0x00007ffbde897000 	C:\Program Files\Java\jdk-24\bin\jsvml.dll
0x00007ffc21210000 - 0x00007ffc21220000 	C:\Program Files\Java\jdk-24\bin\net.dll
0x00007ffc3f560000 - 0x00007ffc3f5ca000 	C:\WINDOWS\system32\mswsock.dll
0x00007ffc1b5b0000 - 0x00007ffc1b5c6000 	C:\Program Files\Java\jdk-24\bin\nio.dll
0x00007ffc182c0000 - 0x00007ffc182d7000 	C:\Program Files\Java\jdk-24\bin\zip.dll
0x00007ffc17fe0000 - 0x00007ffc18004000 	C:\Users\fali5\OneDrive\Desktop\Maven\apache-maven-3.9.11\lib\jansi-native\Windows\x86_64\jansi.dll
0x00007ffc185b0000 - 0x00007ffc185c0000 	C:\Program Files\Java\jdk-24\bin\verify.dll

JVMTI agents: none

dbghelp: loaded successfully - version: 4.0.5 - missing functions: none
symbol engine: initialized successfully - sym options: 0x614 - pdb path: .;C:\Program Files\Java\jdk-24\bin;C:\WINDOWS\SYSTEM32;C:\WINDOWS\WinSxS\amd64_microsoft.windows.common-controls_6595b64144ccf1df_6.0.26100.4202_none_3e0698d4e335f517;C:\Program Files\Java\jdk-24\bin\server;C:\Users\fali5\OneDrive\Desktop\Maven\apache-maven-3.9.11\lib\jansi-native\Windows\x86_64

VM Arguments:
jvm_args: --enable-native-access=ALL-UNNAMED -Dclassworlds.conf=C:\Users\fali5\OneDrive\Desktop\Maven\apache-maven-3.9.11\bin\m2.conf -Dmaven.home=C:\Users\fali5\OneDrive\Desktop\Maven\apache-maven-3.9.11 -Dlibrary.jansi.path=C:\Users\fali5\OneDrive\Desktop\Maven\apache-maven-3.9.11\lib\jansi-native -Dmaven.multiModuleProjectDirectory=C:\Users\fali5\OneDrive\Desktop\student-management 
java_command: org.codehaus.plexus.classworlds.launcher.Launcher clean install -U
java_class_path (initial): C:\Users\fali5\OneDrive\Desktop\Maven\apache-maven-3.9.11\boot\plexus-classworlds-2.9.0.jar
Launcher Type: SUN_STANDARD

[Global flags]
     intx CICompilerCount                          = 4                                         {product} {ergonomic}
     uint ConcGCThreads                            = 2                                         {product} {ergonomic}
     uint G1ConcRefinementThreads                  = 8                                         {product} {ergonomic}
   size_t G1HeapRegionSize                         = 1048576                                   {product} {ergonomic}
   size_t InitialHeapSize                          = 130023424                                 {product} {ergonomic}
   size_t MarkStackSize                            = 4194304                                   {product} {ergonomic}
   size_t MarkStackSizeMax                         = 536870912                                 {product} {ergonomic}
   size_t MaxHeapSize                              = 2078277632                                {product} {ergonomic}
   size_t MaxNewSize                               = 1246756864                                {product} {ergonomic}
   size_t MinHeapDeltaBytes                        = 1048576                                   {product} {ergonomic}
   size_t MinHeapSize                              = 8388608                                   {product} {ergonomic}
    uintx NonNMethodCodeHeapSize                   = 5832704                                {pd product} {ergonomic}
    uintx NonProfiledCodeHeapSize                  = 122945536                              {pd product} {ergonomic}
    uintx ProfiledCodeHeapSize                     = 122880000                              {pd product} {ergonomic}
    uintx ReservedCodeCacheSize                    = 251658240                              {pd product} {ergonomic}
     bool SegmentedCodeCache                       = true                                      {product} {ergonomic}
   size_t SoftMaxHeapSize                          = 2078277632                             {manageable} {ergonomic}
     bool UseCompressedOops                        = true                           {product lp64_product} {ergonomic}
     bool UseG1GC                                  = true                                      {product} {ergonomic}
     bool UseLargePagesIndividualAllocation        = false                                  {pd product} {ergonomic}

Logging:
Log output configuration:
 #0: stdout all=warning uptime,level,tags foldmultilines=false
 #1: stderr all=off uptime,level,tags foldmultilines=false

Environment Variables:
PATH=C:\Program Files\Common Files\Oracle\Java\javapath;C:\WINDOWS\system32;C:\WINDOWS;C:\WINDOWS\System32\Wbem;C:\WINDOWS\System32\WindowsPowerShell\v1.0\;C:\WINDOWS\System32\OpenSSH\;C:\Program Files\dotnet\;C:\MinGW\bin;C:\Program Files\Java\jdk-20\bin;C:\Program Files\Docker\Docker\resources\bin;C:\Program Files\Fortect;C:\Program Files\Git\cmd;C:\Program Files\nodejs\;C:\Users\fali5\OneDrive\Desktop\Maven\apache-maven-3.9.11\bin;C:\Users\fali5\AppData\Local\Microsoft\WindowsApps;C:\Users\fali5\AppData\Local\Programs\Microsoft VS Code\bin;C:\Program Files\nodejs;C:\Users\fali5\AppData\Roaming\npm;C:\Users\fali5\OneDrive\Desktop\Maven\apache-maven-3.9.11;
USERNAME=fali5
TERM=xterm
OS=Windows_NT
PROCESSOR_IDENTIFIER=Intel64 Family 6 Model 140 Stepping 1, GenuineIntel
TMP=C:\Users\fali5\AppData\Local\Temp
TEMP=C:\Users\fali5\AppData\Local\Temp




Periodic native trim disabled

---------------  S Y S T E M  ---------------

OS:
 Windows 11 , 64 bit Build 26100 (10.0.26100.4202)
OS uptime: 0 days 17:19 hours
Hyper-V role detected

CPU: total 8 (initial active 8) (4 cores per cpu, 2 threads per core) family 6 model 140 stepping 1 microcode 0xbc, cx8, cmov, fxsr, ht, mmx, 3dnowpref, sse, sse2, sse3, ssse3, sse4.1, sse4.2, popcnt, lzcnt, tsc, tscinvbit, avx, avx2, aes, erms, clmul, bmi1, bmi2, adx, avx512f, avx512dq, avx512cd, avx512bw, avx512vl, sha, fma, vzeroupper, avx512_vpopcntdq, avx512_vpclmulqdq, avx512_vaes, avx512_vnni, clflush, clflushopt, clwb, avx512_vbmi2, avx512_vbmi, hv, rdtscp, rdpid, fsrm, gfni, avx512_bitalg, f16c, cet_ibt, cet_ss, avx512_ifma
Processor Information for the first 8 processors :
  Max Mhz: 2419, Current Mhz: 2419, Mhz Limit: 2419

Memory: 4k page, system-wide physical 7926M (872M free)
TotalPageFile size 16118M (AvailPageFile size 2M)
current process WorkingSet (physical memory assigned to process): 121M, peak: 127M
current process commit charge ("private bytes"): 234M, peak: 243M

vm_info: Java HotSpot(TM) 64-Bit Server VM (24.0.2+12-54) for windows-amd64 JRE (24.0.2+12-54), built on 2025-07-08T12:10:27Z with MS VC++ 17.6 (VS2022)

END.
